<?xml version="1.0" encoding="UTF-8"?>
<testng-results ignored="0" total="1" passed="0" failed="1" skipped="0">
  <reporter-output>
  </reporter-output>
  <suite started-at="2024-04-17T16:20:53 IST" name="Default suite" finished-at="2024-04-17T16:21:10 IST" duration-ms="17385">
    <groups>
      <group name="cucumber">
        <method signature="AbstractTestNGCucumberTests.runScenario(io.cucumber.testng.PickleWrapper,io.cucumber.testng.FeatureWrapper)[pri:0, instance:MbTestRunner.MbRunner@48e1f6c7]" name="runScenario" class="io.cucumber.testng.AbstractTestNGCucumberTests"/>
      </group> <!-- cucumber -->
    </groups>
    <test started-at="2024-04-17T16:20:53 IST" name="Default test" finished-at="2024-04-17T16:21:10 IST" duration-ms="17385">
      <class name="MbTestRunner.MbRunner">
        <test-method is-config="true" signature="setUpClass(org.testng.ITestContext)[pri:0, instance:MbTestRunner.MbRunner@48e1f6c7]" started-at="2024-04-17T16:20:53 IST" name="setUpClass" finished-at="2024-04-17T16:20:54 IST" duration-ms="1009" status="PASS">
          <params>
            <param index="0">
              <value>
                <![CDATA[org.testng.TestRunner@64ae105d]]>
              </value>
            </param>
          </params>
          <reporter-output>
          </reporter-output>
        </test-method> <!-- setUpClass -->
        <test-method signature="runScenario(io.cucumber.testng.PickleWrapper,io.cucumber.testng.FeatureWrapper)[pri:0, instance:MbTestRunner.MbRunner@48e1f6c7]" started-at="2024-04-17T16:20:54 IST" name="runScenario" description="Runs Cucumber Scenarios" data-provider="scenarios" finished-at="2024-04-17T16:21:09 IST" duration-ms="15830" status="FAIL">
          <params>
            <param index="0">
              <value>
                <![CDATA["Validate Service Center CallBack functionality"]]>
              </value>
            </param>
            <param index="1">
              <value>
                <![CDATA["To test Find an Agent functionality"]]>
              </value>
            </param>
          </params>
          <exception class="java.lang.AssertionError">
            <message>
              <![CDATA[expected [Please provide valid contact number] but found [Compulsory field. Cannot be blank.]]]>
            </message>
            <full-stacktrace>
              <![CDATA[java.lang.AssertionError: expected [Please provide valid contact number] but found [Compulsory field. Cannot be blank.]
at org.testng.Assert.fail(Assert.java:111)
at org.testng.Assert.failNotEquals(Assert.java:1578)
at org.testng.Assert.assertEqualsImpl(Assert.java:150)
at org.testng.Assert.assertEquals(Assert.java:132)
at org.testng.Assert.assertEquals(Assert.java:656)
at org.testng.Assert.assertEquals(Assert.java:666)
at MbStepDefinition.TestStep.it_should_give_an_error_message(TestStep.java:213)
at âœ½.It should give an error message(file:///C:/Users/GNEELKAN/Desktop/Sprint2/Rent/src/text/resource/MbFeature/Rent.feature:49)
]]>
            </full-stacktrace>
          </exception> <!-- java.lang.AssertionError -->
          <reporter-output>
          </reporter-output>
        </test-method> <!-- runScenario -->
        <test-method is-config="true" signature="tearDownClass()[pri:0, instance:MbTestRunner.MbRunner@48e1f6c7]" started-at="2024-04-17T16:21:09 IST" name="tearDownClass" finished-at="2024-04-17T16:21:10 IST" duration-ms="502" status="PASS">
          <reporter-output>
          </reporter-output>
        </test-method> <!-- tearDownClass -->
      </class> <!-- MbTestRunner.MbRunner -->
    </test> <!-- Default test -->
  </suite> <!-- Default suite -->
</testng-results>
